time="2023-03-05T04:53:06+03:00" level=info msg="create router" func="main.main()" file="app.go:15"
time="2023-03-05T04:53:06+03:00" level=info msg="regiester user handler" func="main.main()" file="app.go:18"
time="2023-03-05T04:53:06+03:00" level=info msg="start application" func="main.start()" file="app.go:28"
time="2023-03-05T04:53:06+03:00" level=info msg="server listen port 8090" func="main.start()" file="app.go:40"
time="2023-03-05T14:33:14+03:00" level=info msg="create router" func="main.main()" file="app.go:15"
time="2023-03-05T14:33:14+03:00" level=info msg="regiester user handler" func="main.main()" file="app.go:18"
time="2023-03-05T14:33:14+03:00" level=info msg="start application" func="main.start()" file="app.go:28"
time="2023-03-05T14:33:14+03:00" level=info msg="server listen port 8090" func="main.start()" file="app.go:40"
time="2023-03-05T14:36:52+03:00" level=info msg="create router" func="main.main()" file="app.go:15"
time="2023-03-05T14:36:52+03:00" level=info msg="regiester user handler" func="main.main()" file="app.go:18"
time="2023-03-05T14:36:52+03:00" level=info msg="start application" func="main.start()" file="app.go:28"
time="2023-03-05T14:36:52+03:00" level=info msg="server listen port 8090" func="main.start()" file="app.go:40"
time="2023-03-05T14:37:42+03:00" level=info msg="create router" func="main.main()" file="app.go:15"
time="2023-03-05T14:37:42+03:00" level=info msg="regiester user handler" func="main.main()" file="app.go:18"
time="2023-03-05T14:37:42+03:00" level=info msg="start application" func="main.start()" file="app.go:28"
time="2023-03-05T14:37:42+03:00" level=info msg="server listen port 8090" func="main.start()" file="app.go:40"
time="2023-03-05T15:38:48+03:00" level=info msg="create router" func="main.main()" file="app.go:18"
time="2023-03-05T15:38:48+03:00" level=info msg="read application config" func="test_RESTserver_01/internal/config.GetConfig.func1()" file="config.go:25"
time="2023-03-05T15:38:48+03:00" level=info msg="regiester user handler" func="main.main()" file="app.go:23"
time="2023-03-05T15:38:48+03:00" level=info msg="start application" func="main.start()" file="app.go:32"
time="2023-03-05T15:38:48+03:00" level=info msg="server listen port 8090" func="main.start()" file="app.go:57"
time="2023-03-05T15:56:56+03:00" level=info msg="create router" func="main.main()" file="app.go:19"
time="2023-03-05T15:56:56+03:00" level=info msg="read application config" func="test_RESTserver_01/internal/config.GetConfig.func1()" file="config.go:25"
time="2023-03-05T15:56:56+03:00" level=info msg="regiester user handler" func="main.main()" file="app.go:24"
time="2023-03-05T15:56:56+03:00" level=info msg="start application" func="main.start()" file="app.go:33"
time="2023-03-05T15:56:56+03:00" level=info msg="listen tcp" func="main.start()" file="app.go:51"
time="2023-03-05T15:56:56+03:00" level=info msg="server listen port 8090" func="main.start()" file="app.go:65"
time="2023-03-05T15:58:30+03:00" level=info msg="create router" func="main.main()" file="app.go:20"
time="2023-03-05T15:58:30+03:00" level=info msg="read application config" func="test_RESTserver_01/internal/config.GetConfig.func1()" file="config.go:25"
time="2023-03-05T15:58:30+03:00" level=info msg="regiester user handler" func="main.main()" file="app.go:25"
time="2023-03-05T15:58:30+03:00" level=info msg="start application" func="main.start()" file="app.go:34"
time="2023-03-05T15:58:30+03:00" level=info msg="listen tcp" func="main.start()" file="app.go:52"
time="2023-03-05T15:58:30+03:00" level=info msg="server listen port 8090" func="main.start()" file="app.go:66"
time="2023-03-05T15:59:23+03:00" level=info msg="create router" func="main.main()" file="app.go:20"
time="2023-03-05T15:59:23+03:00" level=info msg="read application config" func="test_RESTserver_01/internal/config.GetConfig.func1()" file="config.go:25"
time="2023-03-05T15:59:23+03:00" level=info msg="regiester user handler" func="main.main()" file="app.go:25"
time="2023-03-05T15:59:23+03:00" level=info msg="start application" func="main.start()" file="app.go:34"
time="2023-03-05T15:59:23+03:00" level=info msg="listen tcp" func="main.start()" file="app.go:52"
time="2023-03-05T15:59:23+03:00" level=info msg="server listen port 8090" func="main.start()" file="app.go:66"
time="2023-03-05T16:00:47+03:00" level=info msg="create router" func="main.main()" file="app.go:20"
time="2023-03-05T16:00:47+03:00" level=info msg="read application config" func="test_RESTserver_01/internal/config.GetConfig.func1()" file="config.go:25"
time="2023-03-05T16:00:47+03:00" level=info msg="regiester user handler" func="main.main()" file="app.go:25"
time="2023-03-05T16:00:47+03:00" level=info msg="start application" func="main.start()" file="app.go:34"
time="2023-03-05T16:00:47+03:00" level=info msg="listen tcp" func="main.start()" file="app.go:52"
time="2023-03-05T16:00:47+03:00" level=info msg="server listen ip 0.0.0.0 port 8090" func="main.start()" file="app.go:66"
time="2023-03-05T16:05:09+03:00" level=info msg="create router" func="main.main()" file="app.go:20"
time="2023-03-05T16:05:09+03:00" level=info msg="read application config" func="test_RESTserver_01/internal/config.GetConfig.func1()" file="config.go:25"
time="2023-03-05T16:05:09+03:00" level=info msg="regiester user handler" func="main.main()" file="app.go:25"
time="2023-03-05T16:05:09+03:00" level=info msg="start application" func="main.start()" file="app.go:34"
time="2023-03-05T16:05:09+03:00" level=info msg="C:\\Users\\user\\AppData\\Local\\Temp\\go-build382760148\\b001\\exe" func="main.start()" file="app.go:44"
time="2023-03-05T16:05:09+03:00" level=info msg="create socket" func="main.start()" file="app.go:45"
time="2023-03-05T16:05:09+03:00" level=info msg="listen unix socket" func="main.start()" file="app.go:48"
time="2023-03-05T16:05:09+03:00" level=info msg="server listen unix socket C:\\Users\\user\\AppData\\Local\\Temp\\go-build382760148\\b001\\exe/app.sock" func="main.start()" file="app.go:50"
